This file contains any messages produced by compilers while
running configure, to aid debugging if configure makes a mistake.

It was created by LPMLN configure 1.0, which was
generated by GNU Autoconf 2.69.  Invocation command line was

  $ ./configure 

## --------- ##
## Platform. ##
## --------- ##

hostname = ubuntu
uname -m = x86_64
uname -r = 4.10.0-19-generic
uname -s = Linux
uname -v = #21-Ubuntu SMP Thu Apr 6 17:04:57 UTC 2017

/usr/bin/uname -p = unknown
/bin/uname -X     = unknown

/bin/arch              = unknown
/usr/bin/arch -k       = unknown
/usr/convex/getsysinfo = unknown
/usr/bin/hostinfo      = unknown
/bin/machine           = unknown
/usr/bin/oslevel       = unknown
/bin/universe          = unknown

PATH: /usr/local/sbin
PATH: /usr/local/bin
PATH: /usr/sbin
PATH: /usr/bin
PATH: /sbin
PATH: /bin
PATH: /usr/games
PATH: /usr/local/games
PATH: /snap/bin


## ----------- ##
## Core tests. ##
## ----------- ##

configure:1890: checking for a BSD-compatible install
configure:1958: result: /usr/bin/install -c
configure:1969: checking whether build environment is sane
configure:2024: result: yes
configure:2175: checking for a thread-safe mkdir -p
configure:2214: result: /bin/mkdir -p
configure:2221: checking for gawk
configure:2237: found /usr/bin/gawk
configure:2248: result: gawk
configure:2259: checking whether make sets $(MAKE)
configure:2281: result: yes
configure:2310: checking whether make supports nested variables
configure:2327: result: yes
configure:2515: checking for g++
configure:2531: found /usr/bin/g++
configure:2542: result: g++
configure:2569: checking for C++ compiler version
configure:2578: g++ --version >&5
g++ (Ubuntu 6.3.0-12ubuntu2) 6.3.0 20170406
Copyright (C) 2016 Free Software Foundation, Inc.
This is free software; see the source for copying conditions.  There is NO
warranty; not even for MERCHANTABILITY or FITNESS FOR A PARTICULAR PURPOSE.

configure:2589: $? = 0
configure:2578: g++ -v >&5
Using built-in specs.
COLLECT_GCC=g++
COLLECT_LTO_WRAPPER=/usr/lib/gcc/x86_64-linux-gnu/6/lto-wrapper
Target: x86_64-linux-gnu
Configured with: ../src/configure -v --with-pkgversion='Ubuntu 6.3.0-12ubuntu2' --with-bugurl=file:///usr/share/doc/gcc-6/README.Bugs --enable-languages=c,ada,c++,java,go,d,fortran,objc,obj-c++ --prefix=/usr --program-suffix=-6 --program-prefix=x86_64-linux-gnu- --enable-shared --enable-linker-build-id --libexecdir=/usr/lib --without-included-gettext --enable-threads=posix --libdir=/usr/lib --enable-nls --with-sysroot=/ --enable-clocale=gnu --enable-libstdcxx-debug --enable-libstdcxx-time=yes --with-default-libstdcxx-abi=new --enable-gnu-unique-object --disable-vtable-verify --enable-libmpx --enable-plugin --enable-default-pie --with-system-zlib --disable-browser-plugin --enable-java-awt=gtk --enable-gtk-cairo --with-java-home=/usr/lib/jvm/java-1.5.0-gcj-6-amd64/jre --enable-java-home --with-jvm-root-dir=/usr/lib/jvm/java-1.5.0-gcj-6-amd64 --with-jvm-jar-dir=/usr/lib/jvm-exports/java-1.5.0-gcj-6-amd64 --with-arch-directory=amd64 --with-ecj-jar=/usr/share/java/eclipse-ecj.jar --with-target-system-zlib --enable-objc-gc=auto --enable-multiarch --disable-werror --with-arch-32=i686 --with-abi=m64 --with-multilib-list=m32,m64,mx32 --enable-multilib --with-tune=generic --enable-checking=release --build=x86_64-linux-gnu --host=x86_64-linux-gnu --target=x86_64-linux-gnu
Thread model: posix
gcc version 6.3.0 20170406 (Ubuntu 6.3.0-12ubuntu2) 
configure:2589: $? = 0
configure:2578: g++ -V >&5
g++: error: unrecognized command line option '-V'
g++: fatal error: no input files
compilation terminated.
configure:2589: $? = 1
configure:2578: g++ -qversion >&5
g++: error: unrecognized command line option '-qversion'; did you mean '--version'?
g++: fatal error: no input files
compilation terminated.
configure:2589: $? = 1
configure:2609: checking whether the C++ compiler works
configure:2631: g++  -g -std=c++11 -Wall -pedantic -Wall -Wextra -Wcast-align -Wcast-qual -Wctor-dtor-privacy -Wdisabled-optimization -Wformat=2 -Winit-self -Wlogical-op -Wmissing-declarations -Wmissing-include-dirs -Wnoexcept -Woverloaded-virtual -Wredundant-decls -Wshadow -Wsign-conversion -Wsign-promo -Wstrict-null-sentinel -Wstrict-overflow=5 -Wswitch-default -Wundef  -Wno-unused   conftest.cpp  >&5
configure:2635: $? = 0
configure:2683: result: yes
configure:2686: checking for C++ compiler default output file name
configure:2688: result: a.out
configure:2694: checking for suffix of executables
configure:2701: g++ -o conftest  -g -std=c++11 -Wall -pedantic -Wall -Wextra -Wcast-align -Wcast-qual -Wctor-dtor-privacy -Wdisabled-optimization -Wformat=2 -Winit-self -Wlogical-op -Wmissing-declarations -Wmissing-include-dirs -Wnoexcept -Woverloaded-virtual -Wredundant-decls -Wshadow -Wsign-conversion -Wsign-promo -Wstrict-null-sentinel -Wstrict-overflow=5 -Wswitch-default -Wundef  -Wno-unused   conftest.cpp  >&5
configure:2705: $? = 0
configure:2727: result: 
configure:2749: checking whether we are cross compiling
configure:2757: g++ -o conftest  -g -std=c++11 -Wall -pedantic -Wall -Wextra -Wcast-align -Wcast-qual -Wctor-dtor-privacy -Wdisabled-optimization -Wformat=2 -Winit-self -Wlogical-op -Wmissing-declarations -Wmissing-include-dirs -Wnoexcept -Woverloaded-virtual -Wredundant-decls -Wshadow -Wsign-conversion -Wsign-promo -Wstrict-null-sentinel -Wstrict-overflow=5 -Wswitch-default -Wundef  -Wno-unused   conftest.cpp  >&5
configure:2761: $? = 0
configure:2768: ./conftest
configure:2772: $? = 0
configure:2787: result: no
configure:2792: checking for suffix of object files
configure:2814: g++ -c  -g -std=c++11 -Wall -pedantic -Wall -Wextra -Wcast-align -Wcast-qual -Wctor-dtor-privacy -Wdisabled-optimization -Wformat=2 -Winit-self -Wlogical-op -Wmissing-declarations -Wmissing-include-dirs -Wnoexcept -Woverloaded-virtual -Wredundant-decls -Wshadow -Wsign-conversion -Wsign-promo -Wstrict-null-sentinel -Wstrict-overflow=5 -Wswitch-default -Wundef  -Wno-unused  conftest.cpp >&5
configure:2818: $? = 0
configure:2839: result: o
configure:2843: checking whether we are using the GNU C++ compiler
configure:2862: g++ -c  -g -std=c++11 -Wall -pedantic -Wall -Wextra -Wcast-align -Wcast-qual -Wctor-dtor-privacy -Wdisabled-optimization -Wformat=2 -Winit-self -Wlogical-op -Wmissing-declarations -Wmissing-include-dirs -Wnoexcept -Woverloaded-virtual -Wredundant-decls -Wshadow -Wsign-conversion -Wsign-promo -Wstrict-null-sentinel -Wstrict-overflow=5 -Wswitch-default -Wundef  -Wno-unused  conftest.cpp >&5
configure:2862: $? = 0
configure:2871: result: yes
configure:2880: checking whether g++ accepts -g
configure:2900: g++ -c -g  conftest.cpp >&5
configure:2900: $? = 0
configure:2941: result: yes
configure:2975: checking for style of include used by make
configure:3003: result: GNU
configure:3029: checking dependency style of g++
configure:3140: result: gcc3
configure:3203: checking for gcc
configure:3230: result: /usr/bin/g++-4.8
configure:3459: checking for C compiler version
configure:3468: /usr/bin/g++-4.8 --version >&5
./configure: line 3470: /usr/bin/g++-4.8: No such file or directory
configure:3479: $? = 127
configure:3468: /usr/bin/g++-4.8 -v >&5
./configure: line 3470: /usr/bin/g++-4.8: No such file or directory
configure:3479: $? = 127
configure:3468: /usr/bin/g++-4.8 -V >&5
./configure: line 3470: /usr/bin/g++-4.8: No such file or directory
configure:3479: $? = 127
configure:3468: /usr/bin/g++-4.8 -qversion >&5
./configure: line 3470: /usr/bin/g++-4.8: No such file or directory
configure:3479: $? = 127
configure:3483: checking whether we are using the GNU C compiler
configure:3502: /usr/bin/g++-4.8 -c   conftest.c >&5
./configure: line 1470: /usr/bin/g++-4.8: No such file or directory
configure:3502: $? = 127
configure: failed program was:
| /* confdefs.h */
| #define PACKAGE_NAME "LPMLN"
| #define PACKAGE_TARNAME "lpmln"
| #define PACKAGE_VERSION "1.0"
| #define PACKAGE_STRING "LPMLN 1.0"
| #define PACKAGE_BUGREPORT ""
| #define PACKAGE_URL ""
| #define PACKAGE "lpmln"
| #define VERSION "1.0"
| /* end confdefs.h.  */
| 
| int
| main ()
| {
| #ifndef __GNUC__
|        choke me
| #endif
| 
|   ;
|   return 0;
| }
configure:3511: result: no
configure:3520: checking whether /usr/bin/g++-4.8 accepts -g
configure:3540: /usr/bin/g++-4.8 -c -g  conftest.c >&5
./configure: line 1470: /usr/bin/g++-4.8: No such file or directory
configure:3540: $? = 127
configure: failed program was:
| /* confdefs.h */
| #define PACKAGE_NAME "LPMLN"
| #define PACKAGE_TARNAME "lpmln"
| #define PACKAGE_VERSION "1.0"
| #define PACKAGE_STRING "LPMLN 1.0"
| #define PACKAGE_BUGREPORT ""
| #define PACKAGE_URL ""
| #define PACKAGE "lpmln"
| #define VERSION "1.0"
| /* end confdefs.h.  */
| 
| int
| main ()
| {
| 
|   ;
|   return 0;
| }
configure:3555: /usr/bin/g++-4.8 -c   conftest.c >&5
./configure: line 1470: /usr/bin/g++-4.8: No such file or directory
configure:3555: $? = 127
configure: failed program was:
| /* confdefs.h */
| #define PACKAGE_NAME "LPMLN"
| #define PACKAGE_TARNAME "lpmln"
| #define PACKAGE_VERSION "1.0"
| #define PACKAGE_STRING "LPMLN 1.0"
| #define PACKAGE_BUGREPORT ""
| #define PACKAGE_URL ""
| #define PACKAGE "lpmln"
| #define VERSION "1.0"
| /* end confdefs.h.  */
| 
| int
| main ()
| {
| 
|   ;
|   return 0;
| }
configure:3571: /usr/bin/g++-4.8 -c -g  conftest.c >&5
./configure: line 1470: /usr/bin/g++-4.8: No such file or directory
configure:3571: $? = 127
configure: failed program was:
| /* confdefs.h */
| #define PACKAGE_NAME "LPMLN"
| #define PACKAGE_TARNAME "lpmln"
| #define PACKAGE_VERSION "1.0"
| #define PACKAGE_STRING "LPMLN 1.0"
| #define PACKAGE_BUGREPORT ""
| #define PACKAGE_URL ""
| #define PACKAGE "lpmln"
| #define VERSION "1.0"
| /* end confdefs.h.  */
| 
| int
| main ()
| {
| 
|   ;
|   return 0;
| }
configure:3581: result: no
configure:3598: checking for /usr/bin/g++-4.8 option to accept ISO C89
configure:3661: /usr/bin/g++-4.8  -c   conftest.c >&5
./configure: line 1470: /usr/bin/g++-4.8: No such file or directory
configure:3661: $? = 127
configure: failed program was:
| /* confdefs.h */
| #define PACKAGE_NAME "LPMLN"
| #define PACKAGE_TARNAME "lpmln"
| #define PACKAGE_VERSION "1.0"
| #define PACKAGE_STRING "LPMLN 1.0"
| #define PACKAGE_BUGREPORT ""
| #define PACKAGE_URL ""
| #define PACKAGE "lpmln"
| #define VERSION "1.0"
| /* end confdefs.h.  */
| #include <stdarg.h>
| #include <stdio.h>
| struct stat;
| /* Most of the following tests are stolen from RCS 5.7's src/conf.sh.  */
| struct buf { int x; };
| FILE * (*rcsopen) (struct buf *, struct stat *, int);
| static char *e (p, i)
|      char **p;
|      int i;
| {
|   return p[i];
| }
| static char *f (char * (*g) (char **, int), char **p, ...)
| {
|   char *s;
|   va_list v;
|   va_start (v,p);
|   s = g (p, va_arg (v,int));
|   va_end (v);
|   return s;
| }
| 
| /* OSF 4.0 Compaq cc is some sort of almost-ANSI by default.  It has
|    function prototypes and stuff, but not '\xHH' hex character constants.
|    These don't provoke an error unfortunately, instead are silently treated
|    as 'x'.  The following induces an error, until -std is added to get
|    proper ANSI mode.  Curiously '\x00'!='x' always comes out true, for an
|    array size at least.  It's necessary to write '\x00'==0 to get something
|    that's true only with -std.  */
| int osf4_cc_array ['\x00' == 0 ? 1 : -1];
| 
| /* IBM C 6 for AIX is almost-ANSI by default, but it replaces macro parameters
|    inside strings and character constants.  */
| #define FOO(x) 'x'
| int xlc6_cc_array[FOO(a) == 'x' ? 1 : -1];
| 
| int test (int i, double x);
| struct s1 {int (*f) (int a);};
| struct s2 {int (*f) (double a);};
| int pairnames (int, char **, FILE *(*)(struct buf *, struct stat *, int), int, int);
| int argc;
| char **argv;
| int
| main ()
| {
| return f (e, argv, 0) != argv[0]  ||  f (e, argv, 1) != argv[1];
|   ;
|   return 0;
| }
configure:3661: /usr/bin/g++-4.8 -qlanglvl=extc89 -c   conftest.c >&5
./configure: line 1470: /usr/bin/g++-4.8: No such file or directory
configure:3661: $? = 127
configure: failed program was:
| /* confdefs.h */
| #define PACKAGE_NAME "LPMLN"
| #define PACKAGE_TARNAME "lpmln"
| #define PACKAGE_VERSION "1.0"
| #define PACKAGE_STRING "LPMLN 1.0"
| #define PACKAGE_BUGREPORT ""
| #define PACKAGE_URL ""
| #define PACKAGE "lpmln"
| #define VERSION "1.0"
| /* end confdefs.h.  */
| #include <stdarg.h>
| #include <stdio.h>
| struct stat;
| /* Most of the following tests are stolen from RCS 5.7's src/conf.sh.  */
| struct buf { int x; };
| FILE * (*rcsopen) (struct buf *, struct stat *, int);
| static char *e (p, i)
|      char **p;
|      int i;
| {
|   return p[i];
| }
| static char *f (char * (*g) (char **, int), char **p, ...)
| {
|   char *s;
|   va_list v;
|   va_start (v,p);
|   s = g (p, va_arg (v,int));
|   va_end (v);
|   return s;
| }
| 
| /* OSF 4.0 Compaq cc is some sort of almost-ANSI by default.  It has
|    function prototypes and stuff, but not '\xHH' hex character constants.
|    These don't provoke an error unfortunately, instead are silently treated
|    as 'x'.  The following induces an error, until -std is added to get
|    proper ANSI mode.  Curiously '\x00'!='x' always comes out true, for an
|    array size at least.  It's necessary to write '\x00'==0 to get something
|    that's true only with -std.  */
| int osf4_cc_array ['\x00' == 0 ? 1 : -1];
| 
| /* IBM C 6 for AIX is almost-ANSI by default, but it replaces macro parameters
|    inside strings and character constants.  */
| #define FOO(x) 'x'
| int xlc6_cc_array[FOO(a) == 'x' ? 1 : -1];
| 
| int test (int i, double x);
| struct s1 {int (*f) (int a);};
| struct s2 {int (*f) (double a);};
| int pairnames (int, char **, FILE *(*)(struct buf *, struct stat *, int), int, int);
| int argc;
| char **argv;
| int
| main ()
| {
| return f (e, argv, 0) != argv[0]  ||  f (e, argv, 1) != argv[1];
|   ;
|   return 0;
| }
configure:3661: /usr/bin/g++-4.8 -qlanglvl=ansi -c   conftest.c >&5
./configure: line 1470: /usr/bin/g++-4.8: No such file or directory
configure:3661: $? = 127
configure: failed program was:
| /* confdefs.h */
| #define PACKAGE_NAME "LPMLN"
| #define PACKAGE_TARNAME "lpmln"
| #define PACKAGE_VERSION "1.0"
| #define PACKAGE_STRING "LPMLN 1.0"
| #define PACKAGE_BUGREPORT ""
| #define PACKAGE_URL ""
| #define PACKAGE "lpmln"
| #define VERSION "1.0"
| /* end confdefs.h.  */
| #include <stdarg.h>
| #include <stdio.h>
| struct stat;
| /* Most of the following tests are stolen from RCS 5.7's src/conf.sh.  */
| struct buf { int x; };
| FILE * (*rcsopen) (struct buf *, struct stat *, int);
| static char *e (p, i)
|      char **p;
|      int i;
| {
|   return p[i];
| }
| static char *f (char * (*g) (char **, int), char **p, ...)
| {
|   char *s;
|   va_list v;
|   va_start (v,p);
|   s = g (p, va_arg (v,int));
|   va_end (v);
|   return s;
| }
| 
| /* OSF 4.0 Compaq cc is some sort of almost-ANSI by default.  It has
|    function prototypes and stuff, but not '\xHH' hex character constants.
|    These don't provoke an error unfortunately, instead are silently treated
|    as 'x'.  The following induces an error, until -std is added to get
|    proper ANSI mode.  Curiously '\x00'!='x' always comes out true, for an
|    array size at least.  It's necessary to write '\x00'==0 to get something
|    that's true only with -std.  */
| int osf4_cc_array ['\x00' == 0 ? 1 : -1];
| 
| /* IBM C 6 for AIX is almost-ANSI by default, but it replaces macro parameters
|    inside strings and character constants.  */
| #define FOO(x) 'x'
| int xlc6_cc_array[FOO(a) == 'x' ? 1 : -1];
| 
| int test (int i, double x);
| struct s1 {int (*f) (int a);};
| struct s2 {int (*f) (double a);};
| int pairnames (int, char **, FILE *(*)(struct buf *, struct stat *, int), int, int);
| int argc;
| char **argv;
| int
| main ()
| {
| return f (e, argv, 0) != argv[0]  ||  f (e, argv, 1) != argv[1];
|   ;
|   return 0;
| }
configure:3661: /usr/bin/g++-4.8 -std -c   conftest.c >&5
./configure: line 1470: /usr/bin/g++-4.8: No such file or directory
configure:3661: $? = 127
configure: failed program was:
| /* confdefs.h */
| #define PACKAGE_NAME "LPMLN"
| #define PACKAGE_TARNAME "lpmln"
| #define PACKAGE_VERSION "1.0"
| #define PACKAGE_STRING "LPMLN 1.0"
| #define PACKAGE_BUGREPORT ""
| #define PACKAGE_URL ""
| #define PACKAGE "lpmln"
| #define VERSION "1.0"
| /* end confdefs.h.  */
| #include <stdarg.h>
| #include <stdio.h>
| struct stat;
| /* Most of the following tests are stolen from RCS 5.7's src/conf.sh.  */
| struct buf { int x; };
| FILE * (*rcsopen) (struct buf *, struct stat *, int);
| static char *e (p, i)
|      char **p;
|      int i;
| {
|   return p[i];
| }
| static char *f (char * (*g) (char **, int), char **p, ...)
| {
|   char *s;
|   va_list v;
|   va_start (v,p);
|   s = g (p, va_arg (v,int));
|   va_end (v);
|   return s;
| }
| 
| /* OSF 4.0 Compaq cc is some sort of almost-ANSI by default.  It has
|    function prototypes and stuff, but not '\xHH' hex character constants.
|    These don't provoke an error unfortunately, instead are silently treated
|    as 'x'.  The following induces an error, until -std is added to get
|    proper ANSI mode.  Curiously '\x00'!='x' always comes out true, for an
|    array size at least.  It's necessary to write '\x00'==0 to get something
|    that's true only with -std.  */
| int osf4_cc_array ['\x00' == 0 ? 1 : -1];
| 
| /* IBM C 6 for AIX is almost-ANSI by default, but it replaces macro parameters
|    inside strings and character constants.  */
| #define FOO(x) 'x'
| int xlc6_cc_array[FOO(a) == 'x' ? 1 : -1];
| 
| int test (int i, double x);
| struct s1 {int (*f) (int a);};
| struct s2 {int (*f) (double a);};
| int pairnames (int, char **, FILE *(*)(struct buf *, struct stat *, int), int, int);
| int argc;
| char **argv;
| int
| main ()
| {
| return f (e, argv, 0) != argv[0]  ||  f (e, argv, 1) != argv[1];
|   ;
|   return 0;
| }
configure:3661: /usr/bin/g++-4.8 -Ae -c   conftest.c >&5
./configure: line 1470: /usr/bin/g++-4.8: No such file or directory
configure:3661: $? = 127
configure: failed program was:
| /* confdefs.h */
| #define PACKAGE_NAME "LPMLN"
| #define PACKAGE_TARNAME "lpmln"
| #define PACKAGE_VERSION "1.0"
| #define PACKAGE_STRING "LPMLN 1.0"
| #define PACKAGE_BUGREPORT ""
| #define PACKAGE_URL ""
| #define PACKAGE "lpmln"
| #define VERSION "1.0"
| /* end confdefs.h.  */
| #include <stdarg.h>
| #include <stdio.h>
| struct stat;
| /* Most of the following tests are stolen from RCS 5.7's src/conf.sh.  */
| struct buf { int x; };
| FILE * (*rcsopen) (struct buf *, struct stat *, int);
| static char *e (p, i)
|      char **p;
|      int i;
| {
|   return p[i];
| }
| static char *f (char * (*g) (char **, int), char **p, ...)
| {
|   char *s;
|   va_list v;
|   va_start (v,p);
|   s = g (p, va_arg (v,int));
|   va_end (v);
|   return s;
| }
| 
| /* OSF 4.0 Compaq cc is some sort of almost-ANSI by default.  It has
|    function prototypes and stuff, but not '\xHH' hex character constants.
|    These don't provoke an error unfortunately, instead are silently treated
|    as 'x'.  The following induces an error, until -std is added to get
|    proper ANSI mode.  Curiously '\x00'!='x' always comes out true, for an
|    array size at least.  It's necessary to write '\x00'==0 to get something
|    that's true only with -std.  */
| int osf4_cc_array ['\x00' == 0 ? 1 : -1];
| 
| /* IBM C 6 for AIX is almost-ANSI by default, but it replaces macro parameters
|    inside strings and character constants.  */
| #define FOO(x) 'x'
| int xlc6_cc_array[FOO(a) == 'x' ? 1 : -1];
| 
| int test (int i, double x);
| struct s1 {int (*f) (int a);};
| struct s2 {int (*f) (double a);};
| int pairnames (int, char **, FILE *(*)(struct buf *, struct stat *, int), int, int);
| int argc;
| char **argv;
| int
| main ()
| {
| return f (e, argv, 0) != argv[0]  ||  f (e, argv, 1) != argv[1];
|   ;
|   return 0;
| }
configure:3661: /usr/bin/g++-4.8 -Aa -D_HPUX_SOURCE -c   conftest.c >&5
./configure: line 1470: /usr/bin/g++-4.8: No such file or directory
configure:3661: $? = 127
configure: failed program was:
| /* confdefs.h */
| #define PACKAGE_NAME "LPMLN"
| #define PACKAGE_TARNAME "lpmln"
| #define PACKAGE_VERSION "1.0"
| #define PACKAGE_STRING "LPMLN 1.0"
| #define PACKAGE_BUGREPORT ""
| #define PACKAGE_URL ""
| #define PACKAGE "lpmln"
| #define VERSION "1.0"
| /* end confdefs.h.  */
| #include <stdarg.h>
| #include <stdio.h>
| struct stat;
| /* Most of the following tests are stolen from RCS 5.7's src/conf.sh.  */
| struct buf { int x; };
| FILE * (*rcsopen) (struct buf *, struct stat *, int);
| static char *e (p, i)
|      char **p;
|      int i;
| {
|   return p[i];
| }
| static char *f (char * (*g) (char **, int), char **p, ...)
| {
|   char *s;
|   va_list v;
|   va_start (v,p);
|   s = g (p, va_arg (v,int));
|   va_end (v);
|   return s;
| }
| 
| /* OSF 4.0 Compaq cc is some sort of almost-ANSI by default.  It has
|    function prototypes and stuff, but not '\xHH' hex character constants.
|    These don't provoke an error unfortunately, instead are silently treated
|    as 'x'.  The following induces an error, until -std is added to get
|    proper ANSI mode.  Curiously '\x00'!='x' always comes out true, for an
|    array size at least.  It's necessary to write '\x00'==0 to get something
|    that's true only with -std.  */
| int osf4_cc_array ['\x00' == 0 ? 1 : -1];
| 
| /* IBM C 6 for AIX is almost-ANSI by default, but it replaces macro parameters
|    inside strings and character constants.  */
| #define FOO(x) 'x'
| int xlc6_cc_array[FOO(a) == 'x' ? 1 : -1];
| 
| int test (int i, double x);
| struct s1 {int (*f) (int a);};
| struct s2 {int (*f) (double a);};
| int pairnames (int, char **, FILE *(*)(struct buf *, struct stat *, int), int, int);
| int argc;
| char **argv;
| int
| main ()
| {
| return f (e, argv, 0) != argv[0]  ||  f (e, argv, 1) != argv[1];
|   ;
|   return 0;
| }
configure:3661: /usr/bin/g++-4.8 -Xc -D__EXTENSIONS__ -c   conftest.c >&5
./configure: line 1470: /usr/bin/g++-4.8: No such file or directory
configure:3661: $? = 127
configure: failed program was:
| /* confdefs.h */
| #define PACKAGE_NAME "LPMLN"
| #define PACKAGE_TARNAME "lpmln"
| #define PACKAGE_VERSION "1.0"
| #define PACKAGE_STRING "LPMLN 1.0"
| #define PACKAGE_BUGREPORT ""
| #define PACKAGE_URL ""
| #define PACKAGE "lpmln"
| #define VERSION "1.0"
| /* end confdefs.h.  */
| #include <stdarg.h>
| #include <stdio.h>
| struct stat;
| /* Most of the following tests are stolen from RCS 5.7's src/conf.sh.  */
| struct buf { int x; };
| FILE * (*rcsopen) (struct buf *, struct stat *, int);
| static char *e (p, i)
|      char **p;
|      int i;
| {
|   return p[i];
| }
| static char *f (char * (*g) (char **, int), char **p, ...)
| {
|   char *s;
|   va_list v;
|   va_start (v,p);
|   s = g (p, va_arg (v,int));
|   va_end (v);
|   return s;
| }
| 
| /* OSF 4.0 Compaq cc is some sort of almost-ANSI by default.  It has
|    function prototypes and stuff, but not '\xHH' hex character constants.
|    These don't provoke an error unfortunately, instead are silently treated
|    as 'x'.  The following induces an error, until -std is added to get
|    proper ANSI mode.  Curiously '\x00'!='x' always comes out true, for an
|    array size at least.  It's necessary to write '\x00'==0 to get something
|    that's true only with -std.  */
| int osf4_cc_array ['\x00' == 0 ? 1 : -1];
| 
| /* IBM C 6 for AIX is almost-ANSI by default, but it replaces macro parameters
|    inside strings and character constants.  */
| #define FOO(x) 'x'
| int xlc6_cc_array[FOO(a) == 'x' ? 1 : -1];
| 
| int test (int i, double x);
| struct s1 {int (*f) (int a);};
| struct s2 {int (*f) (double a);};
| int pairnames (int, char **, FILE *(*)(struct buf *, struct stat *, int), int, int);
| int argc;
| char **argv;
| int
| main ()
| {
| return f (e, argv, 0) != argv[0]  ||  f (e, argv, 1) != argv[1];
|   ;
|   return 0;
| }
configure:3677: result: unsupported
configure:3699: checking whether /usr/bin/g++-4.8 understands -c and -o together
configure:3721: /usr/bin/g++-4.8 -c conftest.c -o conftest2.o
./configure: line 3722: /usr/bin/g++-4.8: No such file or directory
configure:3724: $? = 127
configure:3736: result: no
configure:3755: checking dependency style of /home/samidh/Desktop/prevoty/compile /usr/bin/g++-4.8
configure:3866: result: none
configure:4028: checking that generated files are newer than configure
configure:4034: result: done
configure:4061: creating ./config.status

## ---------------------- ##
## Running config.status. ##
## ---------------------- ##

This file was extended by LPMLN config.status 1.0, which was
generated by GNU Autoconf 2.69.  Invocation command line was

  CONFIG_FILES    = 
  CONFIG_HEADERS  = 
  CONFIG_LINKS    = 
  CONFIG_COMMANDS = 
  $ ./config.status 

on ubuntu

config.status:782: creating Makefile
config.status:954: executing depfiles commands

## ---------------- ##
## Cache variables. ##
## ---------------- ##

ac_cv_c_compiler_gnu=no
ac_cv_cxx_compiler_gnu=yes
ac_cv_env_CCC_set=
ac_cv_env_CCC_value=
ac_cv_env_CC_set=
ac_cv_env_CC_value=
ac_cv_env_CFLAGS_set=
ac_cv_env_CFLAGS_value=
ac_cv_env_CPPFLAGS_set=
ac_cv_env_CPPFLAGS_value=
ac_cv_env_CXXFLAGS_set=
ac_cv_env_CXXFLAGS_value=
ac_cv_env_CXX_set=
ac_cv_env_CXX_value=
ac_cv_env_LDFLAGS_set=
ac_cv_env_LDFLAGS_value=
ac_cv_env_LIBS_set=
ac_cv_env_LIBS_value=
ac_cv_env_build_alias_set=
ac_cv_env_build_alias_value=
ac_cv_env_host_alias_set=
ac_cv_env_host_alias_value=
ac_cv_env_target_alias_set=
ac_cv_env_target_alias_value=
ac_cv_objext=o
ac_cv_path_install='/usr/bin/install -c'
ac_cv_path_mkdir=/bin/mkdir
ac_cv_prog_AWK=gawk
ac_cv_prog_ac_ct_CC=/usr/bin/g++-4.8
ac_cv_prog_ac_ct_CXX=g++
ac_cv_prog_cc_c89=no
ac_cv_prog_cc_g=no
ac_cv_prog_cxx_g=yes
ac_cv_prog_make_make_set=yes
am_cv_CC_dependencies_compiler_type=none
am_cv_CXX_dependencies_compiler_type=gcc3
am_cv_make_support_nested_variables=yes
am_cv_prog_cc_c_o=no

## ----------------- ##
## Output variables. ##
## ----------------- ##

ACLOCAL='${SHELL} /home/samidh/Desktop/prevoty/missing aclocal-1.15'
AMDEPBACKSLASH='\'
AMDEP_FALSE='#'
AMDEP_TRUE=''
AMTAR='$${TAR-tar}'
AM_BACKSLASH='\'
AM_DEFAULT_V='$(AM_DEFAULT_VERBOSITY)'
AM_DEFAULT_VERBOSITY='1'
AM_V='$(V)'
AUTOCONF='${SHELL} /home/samidh/Desktop/prevoty/missing autoconf'
AUTOHEADER='${SHELL} /home/samidh/Desktop/prevoty/missing autoheader'
AUTOMAKE='${SHELL} /home/samidh/Desktop/prevoty/missing automake-1.15'
AWK='gawk'
CC='/home/samidh/Desktop/prevoty/compile /usr/bin/g++-4.8'
CCDEPMODE='depmode=none'
CFLAGS=''
CPPFLAGS=''
CXX='g++'
CXXDEPMODE='depmode=gcc3'
CXXFLAGS=' -g -std=c++11 -Wall -pedantic -Wall -Wextra -Wcast-align -Wcast-qual -Wctor-dtor-privacy -Wdisabled-optimization -Wformat=2 -Winit-self -Wlogical-op -Wmissing-declarations -Wmissing-include-dirs -Wnoexcept -Woverloaded-virtual -Wredundant-decls -Wshadow -Wsign-conversion -Wsign-promo -Wstrict-null-sentinel -Wstrict-overflow=5 -Wswitch-default -Wundef  -Wno-unused'
CYGPATH_W='echo'
DEFS='-DPACKAGE_NAME=\"LPMLN\" -DPACKAGE_TARNAME=\"lpmln\" -DPACKAGE_VERSION=\"1.0\" -DPACKAGE_STRING=\"LPMLN\ 1.0\" -DPACKAGE_BUGREPORT=\"\" -DPACKAGE_URL=\"\" -DPACKAGE=\"lpmln\" -DVERSION=\"1.0\"'
DEPDIR='.deps'
ECHO_C=''
ECHO_N='-n'
ECHO_T=''
EXEEXT=''
INSTALL_DATA='${INSTALL} -m 644'
INSTALL_PROGRAM='${INSTALL}'
INSTALL_SCRIPT='${INSTALL}'
INSTALL_STRIP_PROGRAM='$(install_sh) -c -s'
LDFLAGS=''
LIBOBJS=''
LIBS=''
LTLIBOBJS=''
MAKEINFO='${SHELL} /home/samidh/Desktop/prevoty/missing makeinfo'
MKDIR_P='/bin/mkdir -p'
OBJEXT='o'
PACKAGE='lpmln'
PACKAGE_BUGREPORT=''
PACKAGE_NAME='LPMLN'
PACKAGE_STRING='LPMLN 1.0'
PACKAGE_TARNAME='lpmln'
PACKAGE_URL=''
PACKAGE_VERSION='1.0'
PATH_SEPARATOR=':'
PROJECT_ROOT='/home/samidh/Desktop/prevoty'
SET_MAKE=''
SHELL='/bin/bash'
STRIP=''
VERSION='1.0'
ac_ct_CC='/usr/bin/g++-4.8'
ac_ct_CXX='g++'
am__EXEEXT_FALSE=''
am__EXEEXT_TRUE='#'
am__fastdepCC_FALSE=''
am__fastdepCC_TRUE='#'
am__fastdepCXX_FALSE='#'
am__fastdepCXX_TRUE=''
am__include='include'
am__isrc=''
am__leading_dot='.'
am__nodep='_no'
am__quote=''
am__tar='$${TAR-tar} chof - "$$tardir"'
am__untar='$${TAR-tar} xf -'
bindir='${exec_prefix}/bin'
build_alias=''
datadir='${datarootdir}'
datarootdir='${prefix}/share'
docdir='${datarootdir}/doc/${PACKAGE_TARNAME}'
dvidir='${docdir}'
exec_prefix='${prefix}'
host_alias=''
htmldir='${docdir}'
includedir='${prefix}/include'
infodir='${datarootdir}/info'
install_sh='${SHELL} /home/samidh/Desktop/prevoty/install-sh'
libdir='${exec_prefix}/lib'
libexecdir='${exec_prefix}/libexec'
localedir='${datarootdir}/locale'
localstatedir='${prefix}/var'
mandir='${datarootdir}/man'
mkdir_p='$(MKDIR_P)'
oldincludedir='/usr/include'
pdfdir='${docdir}'
prefix='/usr/local'
program_transform_name='s,x,x,'
psdir='${docdir}'
runstatedir='${localstatedir}/run'
sbindir='${exec_prefix}/sbin'
sharedstatedir='${prefix}/com'
sysconfdir='${prefix}/etc'
target_alias=''

## ----------- ##
## confdefs.h. ##
## ----------- ##

/* confdefs.h */
#define PACKAGE_NAME "LPMLN"
#define PACKAGE_TARNAME "lpmln"
#define PACKAGE_VERSION "1.0"
#define PACKAGE_STRING "LPMLN 1.0"
#define PACKAGE_BUGREPORT ""
#define PACKAGE_URL ""
#define PACKAGE "lpmln"
#define VERSION "1.0"

configure: exit 0
